Library/Bee/Android/Prj/IL2CPP/Gradle/launcher/build/intermediates/manifest_merge_blame_file/release/manifest-merger-blame-release-report.txt
1<?xml version="1.0" encoding="utf-8"?>
2<manifest xmlns:android="http://schemas.android.com/apk/res/android"
3    package="com.horita.gfc"
4    android:installLocation="preferExternal"
5    android:versionCode="3"
6    android:versionName="1.0" >
7
8    <uses-sdk
9        android:minSdkVersion="22"
9-->src\main\AndroidManifest.xml
10        android:targetSdkVersion="33" />
10-->src\main\AndroidManifest.xml
11
12    <supports-screens
12-->src\main\AndroidManifest.xml:3:3-163
13        android:anyDensity="true"
13-->src\main\AndroidManifest.xml:3:135-160
14        android:largeScreens="true"
14-->src\main\AndroidManifest.xml:3:78-105
15        android:normalScreens="true"
15-->src\main\AndroidManifest.xml:3:49-77
16        android:smallScreens="true"
16-->src\main\AndroidManifest.xml:3:21-48
17        android:xlargeScreens="true" />
17-->src\main\AndroidManifest.xml:3:106-134
18
19    <uses-feature android:glEsVersion="0x00030000" />
19-->[:unityLibrary] AndroidManifest.xml:12:5-54
19-->[:unityLibrary] AndroidManifest.xml:12:19-51
20    <uses-feature
20-->[:unityLibrary] AndroidManifest.xml:13:5-15:36
21        android:name="android.hardware.vulkan.version"
21-->[:unityLibrary] AndroidManifest.xml:14:9-55
22        android:required="false" />
22-->[:unityLibrary] AndroidManifest.xml:15:9-33
23
24    <uses-permission android:name="android.permission.INTERNET" />
24-->[:unityLibrary] AndroidManifest.xml:17:5-67
24-->[:unityLibrary] AndroidManifest.xml:17:22-64
25
26    <uses-feature
26-->[:unityLibrary] AndroidManifest.xml:19:5-21:36
27        android:name="android.hardware.touchscreen"
27-->[:unityLibrary] AndroidManifest.xml:20:9-52
28        android:required="false" />
28-->[:unityLibrary] AndroidManifest.xml:21:9-33
29    <uses-feature
29-->[:unityLibrary] AndroidManifest.xml:22:5-24:36
30        android:name="android.hardware.touchscreen.multitouch"
30-->[:unityLibrary] AndroidManifest.xml:23:9-63
31        android:required="false" />
31-->[:unityLibrary] AndroidManifest.xml:24:9-33
32    <uses-feature
32-->[:unityLibrary] AndroidManifest.xml:25:5-27:36
33        android:name="android.hardware.touchscreen.multitouch.distinct"
33-->[:unityLibrary] AndroidManifest.xml:26:9-72
34        android:required="false" /> <!-- Although the *SdkVersion is captured in gradle build files, this is required for non gradle builds -->
34-->[:unityLibrary] AndroidManifest.xml:27:9-33
35    <!-- <uses-sdk android:minSdkVersion="14"/> -->
36    <uses-permission android:name="android.permission.ACCESS_NETWORK_STATE" />
36-->[com.google.firebase:firebase-database:20.2.2] AndroidManifest.xml:24:5-79
36-->[com.google.firebase:firebase-database:20.2.2] AndroidManifest.xml:24:22-76
37    <uses-permission android:name="android.permission.WAKE_LOCK" />
37-->[com.google.android.gms:play-services-measurement-api:21.3.0] AndroidManifest.xml:24:5-68
37-->[com.google.android.gms:play-services-measurement-api:21.3.0] AndroidManifest.xml:24:22-65
38    <uses-permission android:name="com.google.android.gms.permission.AD_ID" />
38-->[com.google.android.gms:play-services-measurement-api:21.3.0] AndroidManifest.xml:25:5-79
38-->[com.google.android.gms:play-services-measurement-api:21.3.0] AndroidManifest.xml:25:22-76
39    <uses-permission android:name="com.google.android.finsky.permission.BIND_GET_INSTALL_REFERRER_SERVICE" />
39-->[com.google.android.gms:play-services-measurement:21.3.0] AndroidManifest.xml:26:5-110
39-->[com.google.android.gms:play-services-measurement:21.3.0] AndroidManifest.xml:26:22-107
40
41    <application
41-->src\main\AndroidManifest.xml:4:3-126
42        android:appComponentFactory="androidx.core.app.CoreComponentFactory"
42-->[androidx.core:core:1.2.0] AndroidManifest.xml:24:18-86
43        android:extractNativeLibs="true"
43-->[:unityLibrary] AndroidManifest.xml:29:18-50
44        android:icon="@mipmap/app_icon"
44-->src\main\AndroidManifest.xml:4:49-80
45        android:label="@string/app_name"
45-->src\main\AndroidManifest.xml:4:16-48
46        android:roundIcon="@mipmap/app_icon_round" >
46-->src\main\AndroidManifest.xml:4:81-123
47        <activity
47-->[:unityLibrary] AndroidManifest.xml:30:9-51:20
48            android:name="com.unity3d.player.UnityPlayerActivity"
48-->[:unityLibrary] AndroidManifest.xml:31:13-66
49            android:configChanges="mcc|mnc|locale|touchscreen|keyboard|keyboardHidden|navigation|orientation|screenLayout|uiMode|screenSize|smallestScreenSize|fontScale|layoutDirection|density"
49-->[:unityLibrary] AndroidManifest.xml:32:13-194
50            android:exported="true"
50-->[:unityLibrary] AndroidManifest.xml:33:13-36
51            android:hardwareAccelerated="false"
51-->[:unityLibrary] AndroidManifest.xml:34:13-48
52            android:launchMode="singleTask"
52-->[:unityLibrary] AndroidManifest.xml:35:13-44
53            android:resizeableActivity="false"
53-->[:unityLibrary] AndroidManifest.xml:36:13-47
54            android:screenOrientation="reverseLandscape"
54-->[:unityLibrary] AndroidManifest.xml:37:13-57
55            android:theme="@style/UnityThemeSelector" >
55-->[:unityLibrary] AndroidManifest.xml:38:13-54
56            <intent-filter>
56-->[:unityLibrary] AndroidManifest.xml:39:13-43:29
57                <action android:name="android.intent.action.MAIN" />
57-->[:unityLibrary] AndroidManifest.xml:40:17-69
57-->[:unityLibrary] AndroidManifest.xml:40:25-66
58
59                <category android:name="android.intent.category.LAUNCHER" />
59-->[:unityLibrary] AndroidManifest.xml:42:17-77
59-->[:unityLibrary] AndroidManifest.xml:42:27-74
60            </intent-filter>
61
62            <meta-data
62-->[:unityLibrary] AndroidManifest.xml:45:13-47:40
63                android:name="unityplayer.UnityActivity"
63-->[:unityLibrary] AndroidManifest.xml:46:17-57
64                android:value="true" />
64-->[:unityLibrary] AndroidManifest.xml:47:17-37
65            <meta-data
65-->[:unityLibrary] AndroidManifest.xml:48:13-50:40
66                android:name="android.notch_support"
66-->[:unityLibrary] AndroidManifest.xml:49:17-53
67                android:value="true" />
67-->[:unityLibrary] AndroidManifest.xml:50:17-37
68        </activity>
69
70        <meta-data
70-->[:unityLibrary] AndroidManifest.xml:53:9-55:33
71            android:name="unity.splash-mode"
71-->[:unityLibrary] AndroidManifest.xml:54:13-45
72            android:value="0" />
72-->[:unityLibrary] AndroidManifest.xml:55:13-30
73        <meta-data
73-->[:unityLibrary] AndroidManifest.xml:56:9-58:36
74            android:name="unity.splash-enable"
74-->[:unityLibrary] AndroidManifest.xml:57:13-47
75            android:value="True" />
75-->[:unityLibrary] AndroidManifest.xml:58:13-33
76        <meta-data
76-->[:unityLibrary] AndroidManifest.xml:59:9-61:36
77            android:name="unity.launch-fullscreen"
77-->[:unityLibrary] AndroidManifest.xml:60:13-51
78            android:value="True" />
78-->[:unityLibrary] AndroidManifest.xml:61:13-33
79        <meta-data
79-->[:unityLibrary] AndroidManifest.xml:62:9-64:37
80            android:name="unity.allow-resizable-window"
80-->[:unityLibrary] AndroidManifest.xml:63:13-56
81            android:value="False" />
81-->[:unityLibrary] AndroidManifest.xml:64:13-34
82        <meta-data
82-->[:unityLibrary] AndroidManifest.xml:65:9-67:50
83            android:name="notch.config"
83-->[:unityLibrary] AndroidManifest.xml:66:13-40
84            android:value="portrait|landscape" />
84-->[:unityLibrary] AndroidManifest.xml:67:13-47
85        <meta-data
85-->[:unityLibrary] AndroidManifest.xml:68:9-70:36
86            android:name="unity.auto-report-fully-drawn"
86-->[:unityLibrary] AndroidManifest.xml:69:13-57
87            android:value="true" />
87-->[:unityLibrary] AndroidManifest.xml:70:13-33
88
89        <service
89-->[com.google.firebase:firebase-database:20.2.2] AndroidManifest.xml:28:9-34:19
90            android:name="com.google.firebase.components.ComponentDiscoveryService"
90-->[com.google.firebase:firebase-database:20.2.2] AndroidManifest.xml:29:13-84
91            android:directBootAware="true"
91-->[com.google.firebase:firebase-common:20.3.3] AndroidManifest.xml:34:13-43
92            android:exported="false" >
92-->[com.google.firebase:firebase-database:20.2.2] AndroidManifest.xml:30:13-37
93            <meta-data
93-->[com.google.firebase:firebase-database:20.2.2] AndroidManifest.xml:31:13-33:85
94                android:name="com.google.firebase.components:com.google.firebase.database.DatabaseRegistrar"
94-->[com.google.firebase:firebase-database:20.2.2] AndroidManifest.xml:32:17-109
95                android:value="com.google.firebase.components.ComponentRegistrar" />
95-->[com.google.firebase:firebase-database:20.2.2] AndroidManifest.xml:33:17-82
96            <meta-data
96-->[com.google.firebase:firebase-auth:22.1.1] AndroidManifest.xml:69:13-71:85
97                android:name="com.google.firebase.components:com.google.firebase.auth.FirebaseAuthRegistrar"
97-->[com.google.firebase:firebase-auth:22.1.1] AndroidManifest.xml:70:17-109
98                android:value="com.google.firebase.components.ComponentRegistrar" />
98-->[com.google.firebase:firebase-auth:22.1.1] AndroidManifest.xml:71:17-82
99            <meta-data
99-->[com.google.android.gms:play-services-measurement-api:21.3.0] AndroidManifest.xml:31:13-33:85
100                android:name="com.google.firebase.components:com.google.firebase.analytics.connector.internal.AnalyticsConnectorRegistrar"
100-->[com.google.android.gms:play-services-measurement-api:21.3.0] AndroidManifest.xml:32:17-139
101                android:value="com.google.firebase.components.ComponentRegistrar" />
101-->[com.google.android.gms:play-services-measurement-api:21.3.0] AndroidManifest.xml:33:17-82
102            <meta-data
102-->[com.google.firebase:firebase-installations:17.0.1] AndroidManifest.xml:18:13-20:85
103                android:name="com.google.firebase.components:com.google.firebase.installations.FirebaseInstallationsRegistrar"
103-->[com.google.firebase:firebase-installations:17.0.1] AndroidManifest.xml:19:17-127
104                android:value="com.google.firebase.components.ComponentRegistrar" />
104-->[com.google.firebase:firebase-installations:17.0.1] AndroidManifest.xml:20:17-82
105        </service>
106
107        <activity
107-->[com.google.firebase:firebase-auth:22.1.1] AndroidManifest.xml:29:9-46:20
108            android:name="com.google.firebase.auth.internal.GenericIdpActivity"
108-->[com.google.firebase:firebase-auth:22.1.1] AndroidManifest.xml:30:13-80
109            android:excludeFromRecents="true"
109-->[com.google.firebase:firebase-auth:22.1.1] AndroidManifest.xml:31:13-46
110            android:exported="true"
110-->[com.google.firebase:firebase-auth:22.1.1] AndroidManifest.xml:32:13-36
111            android:launchMode="singleTask"
111-->[com.google.firebase:firebase-auth:22.1.1] AndroidManifest.xml:33:13-44
112            android:theme="@android:style/Theme.Translucent.NoTitleBar" >
112-->[com.google.firebase:firebase-auth:22.1.1] AndroidManifest.xml:34:13-72
113            <intent-filter>
113-->[com.google.firebase:firebase-auth:22.1.1] AndroidManifest.xml:35:13-45:29
114                <action android:name="android.intent.action.VIEW" />
114-->[com.google.firebase:firebase-auth:22.1.1] AndroidManifest.xml:36:17-69
114-->[com.google.firebase:firebase-auth:22.1.1] AndroidManifest.xml:36:25-66
115
116                <category android:name="android.intent.category.DEFAULT" />
116-->[com.google.firebase:firebase-auth:22.1.1] AndroidManifest.xml:38:17-76
116-->[com.google.firebase:firebase-auth:22.1.1] AndroidManifest.xml:38:27-73
117                <category android:name="android.intent.category.BROWSABLE" />
117-->[com.google.firebase:firebase-auth:22.1.1] AndroidManifest.xml:39:17-78
117-->[com.google.firebase:firebase-auth:22.1.1] AndroidManifest.xml:39:27-75
118
119                <data
119-->[com.google.firebase:firebase-auth:22.1.1] AndroidManifest.xml:41:17-44:51
120                    android:host="firebase.auth"
120-->[com.google.firebase:firebase-auth:22.1.1] AndroidManifest.xml:42:21-49
121                    android:path="/"
121-->[com.google.firebase:firebase-auth:22.1.1] AndroidManifest.xml:43:21-37
122                    android:scheme="genericidp" />
122-->[com.google.firebase:firebase-auth:22.1.1] AndroidManifest.xml:44:21-48
123            </intent-filter>
124        </activity>
125        <activity
125-->[com.google.firebase:firebase-auth:22.1.1] AndroidManifest.xml:47:9-64:20
126            android:name="com.google.firebase.auth.internal.RecaptchaActivity"
126-->[com.google.firebase:firebase-auth:22.1.1] AndroidManifest.xml:48:13-79
127            android:excludeFromRecents="true"
127-->[com.google.firebase:firebase-auth:22.1.1] AndroidManifest.xml:49:13-46
128            android:exported="true"
128-->[com.google.firebase:firebase-auth:22.1.1] AndroidManifest.xml:50:13-36
129            android:launchMode="singleTask"
129-->[com.google.firebase:firebase-auth:22.1.1] AndroidManifest.xml:51:13-44
130            android:theme="@android:style/Theme.Translucent.NoTitleBar" >
130-->[com.google.firebase:firebase-auth:22.1.1] AndroidManifest.xml:52:13-72
131            <intent-filter>
131-->[com.google.firebase:firebase-auth:22.1.1] AndroidManifest.xml:53:13-63:29
132                <action android:name="android.intent.action.VIEW" />
132-->[com.google.firebase:firebase-auth:22.1.1] AndroidManifest.xml:36:17-69
132-->[com.google.firebase:firebase-auth:22.1.1] AndroidManifest.xml:36:25-66
133
134                <category android:name="android.intent.category.DEFAULT" />
134-->[com.google.firebase:firebase-auth:22.1.1] AndroidManifest.xml:38:17-76
134-->[com.google.firebase:firebase-auth:22.1.1] AndroidManifest.xml:38:27-73
135                <category android:name="android.intent.category.BROWSABLE" />
135-->[com.google.firebase:firebase-auth:22.1.1] AndroidManifest.xml:39:17-78
135-->[com.google.firebase:firebase-auth:22.1.1] AndroidManifest.xml:39:27-75
136
137                <data
137-->[com.google.firebase:firebase-auth:22.1.1] AndroidManifest.xml:41:17-44:51
138                    android:host="firebase.auth"
138-->[com.google.firebase:firebase-auth:22.1.1] AndroidManifest.xml:42:21-49
139                    android:path="/"
139-->[com.google.firebase:firebase-auth:22.1.1] AndroidManifest.xml:43:21-37
140                    android:scheme="recaptcha" />
140-->[com.google.firebase:firebase-auth:22.1.1] AndroidManifest.xml:44:21-48
141            </intent-filter>
142        </activity>
143        <activity
143-->[com.google.android.gms:play-services-base:18.2.0] AndroidManifest.xml:20:9-22:45
144            android:name="com.google.android.gms.common.api.GoogleApiActivity"
144-->[com.google.android.gms:play-services-base:18.2.0] AndroidManifest.xml:20:19-85
145            android:exported="false"
145-->[com.google.android.gms:play-services-base:18.2.0] AndroidManifest.xml:22:19-43
146            android:theme="@android:style/Theme.Translucent.NoTitleBar" />
146-->[com.google.android.gms:play-services-base:18.2.0] AndroidManifest.xml:21:19-78
147
148        <provider
148-->[com.google.firebase:firebase-common:20.3.3] AndroidManifest.xml:25:9-30:39
149            android:name="com.google.firebase.provider.FirebaseInitProvider"
149-->[com.google.firebase:firebase-common:20.3.3] AndroidManifest.xml:26:13-77
150            android:authorities="com.horita.gfc.firebaseinitprovider"
150-->[com.google.firebase:firebase-common:20.3.3] AndroidManifest.xml:27:13-72
151            android:directBootAware="true"
151-->[com.google.firebase:firebase-common:20.3.3] AndroidManifest.xml:28:13-43
152            android:exported="false"
152-->[com.google.firebase:firebase-common:20.3.3] AndroidManifest.xml:29:13-37
153            android:initOrder="100" />
153-->[com.google.firebase:firebase-common:20.3.3] AndroidManifest.xml:30:13-36
154
155        <receiver
155-->[com.google.android.gms:play-services-measurement:21.3.0] AndroidManifest.xml:29:9-33:20
156            android:name="com.google.android.gms.measurement.AppMeasurementReceiver"
156-->[com.google.android.gms:play-services-measurement:21.3.0] AndroidManifest.xml:30:13-85
157            android:enabled="true"
157-->[com.google.android.gms:play-services-measurement:21.3.0] AndroidManifest.xml:31:13-35
158            android:exported="false" >
158-->[com.google.android.gms:play-services-measurement:21.3.0] AndroidManifest.xml:32:13-37
159        </receiver>
160
161        <service
161-->[com.google.android.gms:play-services-measurement:21.3.0] AndroidManifest.xml:35:9-38:40
162            android:name="com.google.android.gms.measurement.AppMeasurementService"
162-->[com.google.android.gms:play-services-measurement:21.3.0] AndroidManifest.xml:36:13-84
163            android:enabled="true"
163-->[com.google.android.gms:play-services-measurement:21.3.0] AndroidManifest.xml:37:13-35
164            android:exported="false" />
164-->[com.google.android.gms:play-services-measurement:21.3.0] AndroidManifest.xml:38:13-37
165        <service
165-->[com.google.android.gms:play-services-measurement:21.3.0] AndroidManifest.xml:39:9-43:72
166            android:name="com.google.android.gms.measurement.AppMeasurementJobService"
166-->[com.google.android.gms:play-services-measurement:21.3.0] AndroidManifest.xml:40:13-87
167            android:enabled="true"
167-->[com.google.android.gms:play-services-measurement:21.3.0] AndroidManifest.xml:41:13-35
168            android:exported="false"
168-->[com.google.android.gms:play-services-measurement:21.3.0] AndroidManifest.xml:42:13-37
169            android:permission="android.permission.BIND_JOB_SERVICE" />
169-->[com.google.android.gms:play-services-measurement:21.3.0] AndroidManifest.xml:43:13-69
170
171        <meta-data
171-->[com.google.android.gms:play-services-basement:18.1.0] AndroidManifest.xml:21:9-23:69
172            android:name="com.google.android.gms.version"
172-->[com.google.android.gms:play-services-basement:18.1.0] AndroidManifest.xml:22:13-58
173            android:value="@integer/google_play_services_version" />
173-->[com.google.android.gms:play-services-basement:18.1.0] AndroidManifest.xml:23:13-66
174    </application>
175
176</manifest>